<?xml version="1.0" encoding="UTF-8"?>
<!-- Generated by org.testng.reporters.JUnitXMLReporter -->
<testsuite hostname="prbu" ignored="3" name="Default test" tests="4" failures="0" timestamp="2022-08-16T18:24:11 IST" time="21.926" errors="0">
  <testcase name="Test" time="16.958" classname="com.imdb.org.Asserting"/>
  <testcase name="testA" time="0.218" classname="com.imdb.org.Asserting"/>
  <testcase name="testB" time="4.578" classname="com.imdb.org.Asserting"/>
  <testcase name="testC" time="0.067" classname="com.imdb.org.Asserting"/>
  <testcase name="test1" time="0.0" classname="com.imdb.org.Asserting">
    <ignored/>
  </testcase> <!-- test1 -->
  <testcase name="test2" time="0.0" classname="com.imdb.org.Asserting">
    <ignored/>
  </testcase> <!-- test2 -->
  <testcase name="test3" time="0.0" classname="com.imdb.org.Asserting">
    <ignored/>
  </testcase> <!-- test3 -->
</testsuite> <!-- Default test -->
