<?xml version="1.0" encoding="UTF-8"?>
<!-- Generated by org.testng.reporters.JUnitXMLReporter -->
<testsuite hostname="prbu" ignored="0" name="Test2 cases" tests="5" failures="0" timestamp="2022-08-16T19:52:55 IST" time="65.597" errors="0">
  <testcase name="OpenGoogle" time="45.297" classname="testNG.Wiki"/>
  <testcase name="testA" time="0.017" classname="testNG.Wiki"/>
  <testcase name="testB" time="0.196" classname="testNG.Wiki"/>
  <testcase name="testC" time="19.859" classname="testNG.Wiki"/>
  <testcase name="testD" time="0.188" classname="testNG.Wiki"/>
</testsuite> <!-- Test2 cases -->
